ERROR - 2024-02-23 02:39:05 --> Error connecting to the database: No connection could be made because the target machine actively refused it.

CRITICAL - 2024-02-23 02:39:05 --> Unable to connect to the database.
Main connection [MySQLi]: No connection could be made because the target machine actively refused it.

#0 C:\webPG\system\Database\BaseConnection.php(577): CodeIgniter\Database\BaseConnection->initialize()
#1 C:\webPG\system\Database\BaseBuilder.php(1455): CodeIgniter\Database\BaseConnection->query('SELECT *\nFROM `...', Array, false)
#2 C:\webPG\app\Models\M_model.php(50): CodeIgniter\Database\BaseBuilder->get()
#3 C:\webPG\app\Controllers\Home.php(82): App\Models\M_model->fusionOderBy('playground', 'permainan', 'playground.id_p...', 'jam_mulai')
#4 C:\webPG\system\CodeIgniter.php(832): App\Controllers\Home->dashboard()
#5 C:\webPG\system\CodeIgniter.php(419): CodeIgniter\CodeIgniter->runController(Object(App\Controllers\Home))
#6 C:\webPG\system\CodeIgniter.php(326): CodeIgniter\CodeIgniter->handleRequest(NULL, Object(Config\Cache), false)
#7 C:\webPG\public\index.php(37): CodeIgniter\CodeIgniter->run()
#8 C:\webPG\system\Commands\Server\rewrite.php(43): require_once('C:\\webPG\\public...')
#9 {main}
ERROR - 2024-02-23 02:39:09 --> Error connecting to the database: No connection could be made because the target machine actively refused it.

CRITICAL - 2024-02-23 02:39:09 --> Unable to connect to the database.
Main connection [MySQLi]: No connection could be made because the target machine actively refused it.

#0 C:\webPG\system\Database\BaseConnection.php(577): CodeIgniter\Database\BaseConnection->initialize()
#1 C:\webPG\system\Database\BaseBuilder.php(1455): CodeIgniter\Database\BaseConnection->query('SELECT *\nFROM `...', Array, false)
#2 C:\webPG\app\Models\M_model.php(50): CodeIgniter\Database\BaseBuilder->get()
#3 C:\webPG\app\Controllers\Home.php(82): App\Models\M_model->fusionOderBy('playground', 'permainan', 'playground.id_p...', 'jam_mulai')
#4 C:\webPG\system\CodeIgniter.php(832): App\Controllers\Home->dashboard()
#5 C:\webPG\system\CodeIgniter.php(419): CodeIgniter\CodeIgniter->runController(Object(App\Controllers\Home))
#6 C:\webPG\system\CodeIgniter.php(326): CodeIgniter\CodeIgniter->handleRequest(NULL, Object(Config\Cache), false)
#7 C:\webPG\public\index.php(37): CodeIgniter\CodeIgniter->run()
#8 C:\webPG\system\Commands\Server\rewrite.php(43): require_once('C:\\webPG\\public...')
#9 {main}
CRITICAL - 2024-02-23 02:40:36 --> Invalid file: laporan/kertas_laporan.php
#0 C:\webPG\system\View\View.php(198): CodeIgniter\Exceptions\FrameworkException::forInvalidFile('laporan/kertas_...')
#1 C:\webPG\system\Common.php(1089): CodeIgniter\View\View->render('laporan/kertas_...', Array, true)
#2 C:\webPG\app\Controllers\Laporan.php(58): view('laporan/kertas_...', Array)
#3 C:\webPG\system\CodeIgniter.php(832): App\Controllers\Laporan->print()
#4 C:\webPG\system\CodeIgniter.php(419): CodeIgniter\CodeIgniter->runController(Object(App\Controllers\Laporan))
#5 C:\webPG\system\CodeIgniter.php(326): CodeIgniter\CodeIgniter->handleRequest(NULL, Object(Config\Cache), false)
#6 C:\webPG\public\index.php(37): CodeIgniter\CodeIgniter->run()
#7 C:\webPG\system\Commands\Server\rewrite.php(43): require_once('C:\\webPG\\public...')
#8 {main}
